2022-03-06T03:13:40+00:00 CRITICAL Uncaught Roots\Acorn\Assets\Contracts\ManifestNotFoundException: The manifest [C:\xampp\htdocs\innovate/wp-content/themes/sage-theme/public/manifest.json] cannot be found. in C:\xampp\htdocs\innovate\wp-content\themes\sage-theme\vendor\roots\acorn\src\Roots\Acorn\Assets\Manager.php:133
Stack trace:
#0 C:\xampp\htdocs\innovate\wp-content\themes\sage-theme\vendor\roots\acorn\src\Roots\Acorn\Assets\Manager.php(101): Roots\Acorn\Assets\Manager->getJsonManifest('C:\\xampp\\htdocs...')
#1 C:\xampp\htdocs\innovate\wp-content\themes\sage-theme\vendor\roots\acorn\src\Roots\Acorn\Assets\Manager.php(76): Roots\Acorn\Assets\Manager->resolve('theme', Array)
#2 C:\xampp\htdocs\innovate\wp-content\themes\sage-theme\vendor\roots\acorn\src\Roots\Acorn\Assets\AssetsServiceProvider.php(22): Roots\Acorn\Assets\Manager->manifest('theme')
#3 C:\xampp\htdocs\innovate\wp-content\themes\sage-theme\vendor\illuminate\container\Container.php(873): Roots\Acorn\Assets\AssetsServiceProvider->Roots\Acorn\Assets\{closure}(Object(Roots\Acorn\Application), Array)
#4 C:\xampp\htdocs\innovate\wp-content\themes\sage-theme\vendor\illuminate\container\Container.php(758): Illuminate\Container\Container->build(Object(Closure))
#5 C:\xampp\htdocs\innovate\wp-content\themes\sage-theme\vendor\roots\acorn\src\Illuminate\Foundation\Application.php(851): Illuminate\Container\Container->resolve('assets.manifest', Array, true)
#6 C:\xampp\htdocs\innovate\wp-content\themes\sage-theme\vendor\illuminate\container\Container.php(694): Illuminate\Foundation\Application->resolve('assets.manifest', Array)
#7 C:\xampp\htdocs\innovate\wp-content\themes\sage-theme\vendor\roots\acorn\src\Illuminate\Foundation\Application.php(836): Illuminate\Container\Container->make('assets.manifest', Array)
#8 C:\xampp\htdocs\innovate\wp-content\themes\sage-theme\vendor\roots\acorn\src\Illuminate\Foundation\helpers.php(119): Illuminate\Foundation\Application->make('assets.manifest', Array)
#9 C:\xampp\htdocs\innovate\wp-content\themes\sage-theme\vendor\roots\acorn\src\Roots\helpers.php(36): app('assets.manifest')
#10 C:\xampp\htdocs\innovate\wp-content\themes\sage-theme\app\setup.php(17): Roots\bundle('app')
#11 C:\xampp\htdocs\innovate\wp-includes\class-wp-hook.php(307): App\{closure}('')
#12 C:\xampp\htdocs\innovate\wp-includes\class-wp-hook.php(331): WP_Hook->apply_filters(NULL, Array)
#13 C:\xampp\htdocs\innovate\wp-includes\plugin.php(474): WP_Hook->do_action(Array)
#14 C:\xampp\htdocs\innovate\wp-includes\script-loader.php(2105): do_action('wp_enqueue_scri...')
#15 C:\xampp\htdocs\innovate\wp-includes\class-wp-hook.php(307): wp_enqueue_scripts('')
#16 C:\xampp\htdocs\innovate\wp-includes\class-wp-hook.php(331): WP_Hook->apply_filters(NULL, Array)
#17 C:\xampp\htdocs\innovate\wp-includes\plugin.php(474): WP_Hook->do_action(Array)
#18 C:\xampp\htdocs\innovate\wp-includes\general-template.php(3042): do_action('wp_head')
#19 C:\xampp\htdocs\innovate\wp-content\themes\sage-theme\index.php(6): wp_head()
#20 C:\xampp\htdocs\innovate\wp-includes\template-loader.php(106): include('C:\\xampp\\htdocs...')
#21 C:\xampp\htdocs\innovate\wp-blog-header.php(19): require_once('C:\\xampp\\htdocs...')
#22 C:\xampp\htdocs\innovate\index.php(17): require('C:\\xampp\\htdocs...')
#23 {main}
  thrown in C:\xampp\htdocs\innovate\wp-content\themes\sage-theme\vendor\roots\acorn\src\Roots\Acorn\Assets\Manager.php on line 133

